# JRE version: 6.0_34-b34
# Java VM: OpenJDK Client VM (23.25-b01 mixed mode linux-x86 )
Heap
 def new generation   total 4800K, used 2232K [0x91130000, 0x91660000, 0x9b880000)
  eden space 4288K,  46% used [0x91130000, 0x9131d8b0, 0x91560000)
  from space 512K,  50% used [0x91560000, 0x915a08d0, 0x915e0000)
  to   space 512K,   0% used [0x915e0000, 0x915e0000, 0x91660000)
 tenured generation   total 10752K, used 1250K [0x9b880000, 0x9c300000, 0xb0730000)
   the space 10752K,  11% used [0x9b880000, 0x9b9b8b40, 0x9b9b8c00, 0x9c300000)
 compacting perm gen  total 12288K, used 8162K [0xb0730000, 0xb1330000, 0xb4730000)
   the space 12288K,  66% used [0xb0730000, 0xb0f28b20, 0xb0f28c00, 0xb1330000)
GC Heap History (4 events):
Event: 1.027 GC heap before
{Heap before GC invocations=0 (full 0):
 def new generation   total 4800K, used 4263K [0x91130000, 0x91660000, 0x9b880000)
  eden space 4288K,  99% used [0x91130000, 0x91559f68, 0x91560000)
  from space 512K,   0% used [0x91560000, 0x91560000, 0x915e0000)
  to   space 512K,   0% used [0x915e0000, 0x915e0000, 0x91660000)
 tenured generation   total 10752K, used 0K [0x9b880000, 0x9c300000, 0xb0730000)
   the space 10752K,   0% used [0x9b880000, 0x9b880000, 0x9b880200, 0x9c300000)
 compacting perm gen  total 12288K, used 7494K [0xb0730000, 0xb1330000, 0xb4730000)
   the space 12288K,  60% used [0xb0730000, 0xb0e81840, 0xb0e81a00, 0xb1330000)
No shared spaces configured.
Event: 1.043 GC heap after
Heap after GC invocations=1 (full 0):
 def new generation   total 4800K, used 512K [0x91130000, 0x91660000, 0x9b880000)
  eden space 4288K,   0% used [0x91130000, 0x91130000, 0x91560000)
  from space 512K, 100% used [0x915e0000, 0x91660000, 0x91660000)
  to   space 512K,   0% used [0x91560000, 0x91560000, 0x915e0000)
 tenured generation   total 10752K, used 740K [0x9b880000, 0x9c300000, 0xb0730000)
   the space 10752K,   6% used [0x9b880000, 0x9b939040, 0x9b939200, 0x9c300000)
 compacting perm gen  total 12288K, used 7494K [0xb0730000, 0xb1330000, 0xb4730000)
   the space 12288K,  60% used [0xb0730000, 0xb0e81840, 0xb0e81a00, 0xb1330000)
No shared spaces configured.
}
Event: 1.148 GC heap before
{Heap before GC invocations=1 (full 0):
 def new generation   total 4800K, used 4800K [0x91130000, 0x91660000, 0x9b880000)
  eden space 4288K, 100% used [0x91130000, 0x91560000, 0x91560000)
  from space 512K, 100% used [0x915e0000, 0x91660000, 0x91660000)
  to   space 512K,   0% used [0x91560000, 0x91560000, 0x915e0000)
 tenured generation   total 10752K, used 740K [0x9b880000, 0x9c300000, 0xb0730000)
   the space 10752K,   6% used [0x9b880000, 0x9b939040, 0x9b939200, 0x9c300000)
 compacting perm gen  total 12288K, used 7532K [0xb0730000, 0xb1330000, 0xb4730000)
   the space 12288K,  61% used [0xb0730000, 0xb0e8b180, 0xb0e8b200, 0xb1330000)
No shared spaces configured.
Event: 1.160 GC heap after
Heap after GC invocations=2 (full 0):
 def new generation   total 4800K, used 258K [0x91130000, 0x91660000, 0x9b880000)
  eden space 4288K,   0% used [0x91130000, 0x91130000, 0x91560000)
  from space 512K,  50% used [0x91560000, 0x915a08d0, 0x915e0000)
  to   space 512K,   0% used [0x915e0000, 0x915e0000, 0x91660000)
 tenured generation   total 10752K, used 1250K [0x9b880000, 0x9c300000, 0xb0730000)
   the space 10752K,  11% used [0x9b880000, 0x9b9b8b40, 0x9b9b8c00, 0x9c300000)
 compacting perm gen  total 12288K, used 7532K [0xb0730000, 0xb1330000, 0xb4730000)
   the space 12288K,  61% used [0xb0730000, 0xb0e8b180, 0xb0e8b200, 0xb1330000)
No shared spaces configured.
}

